DEBUG 2018-09-20 09:09:35,344: 	 Executing command: 'submit'
DEBUG 2018-09-20 09:09:35,348: 	 Found CRAB cache file /afs/cern.ch/user/s/soffi/.crab3
DEBUG 2018-09-20 09:09:35,360: 	 Checking credentials
DEBUG 2018-09-20 09:09:35,361: 	 Found proxy file /tmp/x509up_u57603
DEBUG 2018-09-20 09:09:35,361: 	 Getting proxy life time left
DEBUG 2018-09-20 09:09:36,572: 	 Executing : 
 command : voms-proxy-info -file /tmp/x509up_u57603 -timeleft
 output : 86319

 error: 
 retcode : 0
DEBUG 2018-09-20 09:09:37,579: 	 Executing : 
 command : voms-proxy-info -file /tmp/x509up_u57603 -actimeleft
 output : 86317

 error: 
 retcode : 0
DEBUG 2018-09-20 09:09:37,579: 	 Proxy valid for 23:58:39 hours
DEBUG 2018-09-20 09:09:37,580: 	 Will use CRAB Analysis plugin (i.e. will run an analysis job type).
DEBUG 2018-09-20 09:09:37,587: 	 Executing command: 'submit'
DEBUG 2018-09-20 09:09:37,587: 	 Found CRAB cache file /afs/cern.ch/user/s/soffi/.crab3
DEBUG 2018-09-20 09:09:37,597: 	 Checking credentials
DEBUG 2018-09-20 09:09:37,598: 	 Found proxy file /tmp/x509up_u57603
DEBUG 2018-09-20 09:09:37,598: 	 Getting proxy life time left
DEBUG 2018-09-20 09:09:38,607: 	 Executing : 
 command : voms-proxy-info -file /tmp/x509up_u57603 -timeleft
 output : 86317

 error: 
 retcode : 0
DEBUG 2018-09-20 09:09:39,524: 	 Executing : 
 command : voms-proxy-info -file /tmp/x509up_u57603 -actimeleft
 output : 86315

 error: 
 retcode : 0
DEBUG 2018-09-20 09:09:39,524: 	 Proxy valid for 23:58:37 hours
DEBUG 2018-09-20 09:09:39,525: 	 Will use CRAB Analysis plugin (i.e. will run an analysis job type).
DEBUG 2018-09-20 09:09:39,528: 	 Executing command: 'submit'
DEBUG 2018-09-20 09:09:39,528: 	 Found CRAB cache file /afs/cern.ch/user/s/soffi/.crab3
DEBUG 2018-09-20 09:09:39,538: 	 Checking credentials
DEBUG 2018-09-20 09:09:39,539: 	 Found proxy file /tmp/x509up_u57603
DEBUG 2018-09-20 09:09:39,539: 	 Getting proxy life time left
DEBUG 2018-09-20 09:09:40,447: 	 Executing : 
 command : voms-proxy-info -file /tmp/x509up_u57603 -timeleft
 output : 86315

 error: 
 retcode : 0
DEBUG 2018-09-20 09:09:41,458: 	 Executing : 
 command : voms-proxy-info -file /tmp/x509up_u57603 -actimeleft
 output : 86313

 error: 
 retcode : 0
DEBUG 2018-09-20 09:09:41,458: 	 Proxy valid for 23:58:35 hours
DEBUG 2018-09-20 09:09:41,459: 	 Will use CRAB Analysis plugin (i.e. will run an analysis job type).
DEBUG 2018-09-20 09:12:34,278: 	 Executing command: 'submit'
DEBUG 2018-09-20 09:12:34,293: 	 Found CRAB cache file /afs/cern.ch/user/s/soffi/.crab3
DEBUG 2018-09-20 09:12:34,315: 	 Checking credentials
DEBUG 2018-09-20 09:12:34,316: 	 Found proxy file /tmp/x509up_u57603
DEBUG 2018-09-20 09:12:34,316: 	 Getting proxy life time left
DEBUG 2018-09-20 09:12:35,744: 	 Executing : 
 command : voms-proxy-info -file /tmp/x509up_u57603 -timeleft
 output : 86140

 error: 
 retcode : 0
DEBUG 2018-09-20 09:12:37,061: 	 Executing : 
 command : voms-proxy-info -file /tmp/x509up_u57603 -actimeleft
 output : 86138

 error: 
 retcode : 0
DEBUG 2018-09-20 09:12:37,061: 	 Proxy valid for 23:55:40 hours
DEBUG 2018-09-20 09:12:37,062: 	 Will use CRAB Analysis plugin (i.e. will run an analysis job type).
DEBUG 2018-09-20 09:19:59,791: 	 Executing command: 'submit'
DEBUG 2018-09-20 09:19:59,812: 	 Found CRAB cache file /afs/cern.ch/user/s/soffi/.crab3
DEBUG 2018-09-20 09:19:59,825: 	 Checking credentials
DEBUG 2018-09-20 09:19:59,825: 	 Found proxy file /tmp/x509up_u57603
DEBUG 2018-09-20 09:19:59,825: 	 Getting proxy life time left
DEBUG 2018-09-20 09:20:01,148: 	 Executing : 
 command : voms-proxy-info -file /tmp/x509up_u57603 -timeleft
 output : 85694

 error: 
 retcode : 0
DEBUG 2018-09-20 09:20:02,904: 	 Executing : 
 command : voms-proxy-info -file /tmp/x509up_u57603 -actimeleft
 output : 85692

 error: 
 retcode : 0
DEBUG 2018-09-20 09:20:02,904: 	 Proxy valid for 23:48:14 hours
DEBUG 2018-09-20 09:20:02,905: 	 Will use CRAB Analysis plugin (i.e. will run an analysis job type).
DEBUG 2018-09-20 09:26:11,100: 	 Executing command: 'submit'
DEBUG 2018-09-20 09:26:11,108: 	 Found CRAB cache file /afs/cern.ch/user/s/soffi/.crab3
DEBUG 2018-09-20 09:26:11,119: 	 Checking credentials
DEBUG 2018-09-20 09:26:11,120: 	 Found proxy file /tmp/x509up_u57603
DEBUG 2018-09-20 09:26:11,120: 	 Getting proxy life time left
DEBUG 2018-09-20 09:26:12,860: 	 Executing : 
 command : voms-proxy-info -file /tmp/x509up_u57603 -timeleft
 output : 85323

 error: 
 retcode : 0
DEBUG 2018-09-20 09:26:14,391: 	 Executing : 
 command : voms-proxy-info -file /tmp/x509up_u57603 -actimeleft
 output : 85320

 error: 
 retcode : 0
DEBUG 2018-09-20 09:26:14,392: 	 Proxy valid for 23:42:03 hours
DEBUG 2018-09-20 09:26:14,393: 	 Will use CRAB Analysis plugin (i.e. will run an analysis job type).
DEBUG 2018-09-20 09:32:21,850: 	 Executing command: 'submit'
DEBUG 2018-09-20 09:32:21,851: 	 Found CRAB cache file /afs/cern.ch/user/s/soffi/.crab3
DEBUG 2018-09-20 09:32:21,865: 	 Checking credentials
DEBUG 2018-09-20 09:32:21,865: 	 Found proxy file /tmp/x509up_u57603
DEBUG 2018-09-20 09:32:21,865: 	 Getting proxy life time left
DEBUG 2018-09-20 09:32:23,809: 	 Executing : 
 command : voms-proxy-info -file /tmp/x509up_u57603 -timeleft
 output : 84952

 error: 
 retcode : 0
DEBUG 2018-09-20 09:32:25,556: 	 Executing : 
 command : voms-proxy-info -file /tmp/x509up_u57603 -actimeleft
 output : 84949

 error: 
 retcode : 0
DEBUG 2018-09-20 09:32:25,556: 	 Proxy valid for 23:35:52 hours
DEBUG 2018-09-20 09:32:25,557: 	 Will use CRAB Analysis plugin (i.e. will run an analysis job type).
DEBUG 2018-09-20 09:32:33,180: 	 Executing command: 'submit'
DEBUG 2018-09-20 09:32:33,181: 	 Found CRAB cache file /afs/cern.ch/user/s/soffi/.crab3
DEBUG 2018-09-20 09:32:33,193: 	 Checking credentials
DEBUG 2018-09-20 09:32:33,194: 	 Found proxy file /tmp/x509up_u57603
DEBUG 2018-09-20 09:32:33,194: 	 Getting proxy life time left
DEBUG 2018-09-20 09:32:34,528: 	 Executing : 
 command : voms-proxy-info -file /tmp/x509up_u57603 -timeleft
 output : 84941

 error: 
 retcode : 0
DEBUG 2018-09-20 09:32:36,171: 	 Executing : 
 command : voms-proxy-info -file /tmp/x509up_u57603 -actimeleft
 output : 84938

 error: 
 retcode : 0
DEBUG 2018-09-20 09:32:36,172: 	 Proxy valid for 23:35:41 hours
DEBUG 2018-09-20 09:32:36,172: 	 Will use CRAB Analysis plugin (i.e. will run an analysis job type).
DEBUG 2018-09-20 13:35:26,505: 	 Executing command: 'submit'
DEBUG 2018-09-20 13:35:26,519: 	 Found CRAB cache file /afs/cern.ch/user/s/soffi/.crab3
DEBUG 2018-09-20 13:35:26,531: 	 Checking credentials
DEBUG 2018-09-20 13:35:26,531: 	 Found proxy file /tmp/x509up_u57603
DEBUG 2018-09-20 13:35:26,531: 	 Getting proxy life time left
DEBUG 2018-09-20 13:35:27,540: 	 Executing : 
 command : voms-proxy-info -file /tmp/x509up_u57603 -timeleft
 output : 70368

 error: 
 retcode : 0
DEBUG 2018-09-20 13:35:28,351: 	 Executing : 
 command : voms-proxy-info -file /tmp/x509up_u57603 -actimeleft
 output : 70366

 error: 
 retcode : 0
DEBUG 2018-09-20 13:35:28,351: 	 Proxy valid for 19:32:48 hours
DEBUG 2018-09-20 13:35:28,352: 	 Will use CRAB Analysis plugin (i.e. will run an analysis job type).
DEBUG 2018-09-20 13:46:23,048: 	 Executing command: 'submit'
DEBUG 2018-09-20 13:46:23,052: 	 Found CRAB cache file /afs/cern.ch/user/s/soffi/.crab3
DEBUG 2018-09-20 13:46:23,063: 	 Checking credentials
DEBUG 2018-09-20 13:46:23,063: 	 Found proxy file /tmp/x509up_u57603
DEBUG 2018-09-20 13:46:23,063: 	 Getting proxy life time left
DEBUG 2018-09-20 13:46:23,969: 	 Executing : 
 command : voms-proxy-info -file /tmp/x509up_u57603 -timeleft
 output : 69712

 error: 
 retcode : 0
DEBUG 2018-09-20 13:46:24,777: 	 Executing : 
 command : voms-proxy-info -file /tmp/x509up_u57603 -actimeleft
 output : 69710

 error: 
 retcode : 0
DEBUG 2018-09-20 13:46:24,777: 	 Proxy valid for 19:21:52 hours
DEBUG 2018-09-20 13:46:24,778: 	 Will use CRAB Analysis plugin (i.e. will run an analysis job type).
