  -- Producing electron SF tree    -- 
  -- Producing photon SF tree      -- 
DEBUG 2018-09-21 22:21:28,931: 	 Executing command: 'submit'
DEBUG 2018-09-21 22:21:28,936: 	 Found CRAB cache file /afs/cern.ch/user/s/soffi/.crab3
DEBUG 2018-09-21 22:21:28,945: 	 Checking credentials
DEBUG 2018-09-21 22:21:28,946: 	 Found proxy file /tmp/x509up_u57603
DEBUG 2018-09-21 22:21:28,946: 	 Getting proxy life time left
DEBUG 2018-09-21 22:21:29,752: 	 Executing : 
 command : voms-proxy-info -file /tmp/x509up_u57603 -timeleft
 output : 81251

 error: 
 retcode : 0
DEBUG 2018-09-21 22:21:30,458: 	 Executing : 
 command : voms-proxy-info -file /tmp/x509up_u57603 -actimeleft
 output : 81250

 error: 
 retcode : 0
DEBUG 2018-09-21 22:21:30,458: 	 Proxy valid for 22:34:11 hours
DEBUG 2018-09-21 22:21:30,459: 	 Will use CRAB Analysis plugin (i.e. will run an analysis job type).
DEBUG 2018-09-21 22:21:30,610: 	 Executing : 
 command : openssl x509 -in ~/.globus/usercert.pem -subject -noout
 output : subject= /DC=ch/DC=cern/OU=Organic Units/OU=Users/CN=soffi/CN=703603/CN=Livia Soffi

 error: 
 retcode : 0
DEBUG 2018-09-21 22:21:30,610: 	 Checking credentials
DEBUG 2018-09-21 22:21:30,610: 	 Found proxy file /tmp/x509up_u57603
DEBUG 2018-09-21 22:21:30,610: 	 Getting proxy life time left
DEBUG 2018-09-21 22:21:31,429: 	 Executing : 
 command : voms-proxy-info -file /tmp/x509up_u57603 -timeleft
 output : 81249

 error: 
 retcode : 0
DEBUG 2018-09-21 22:21:32,134: 	 Executing : 
 command : voms-proxy-info -file /tmp/x509up_u57603 -actimeleft
 output : 81248

 error: 
 retcode : 0
DEBUG 2018-09-21 22:21:32,135: 	 Proxy valid for 22:34:09 hours
DEBUG 2018-09-21 22:21:32,941: 	 Executing : 
 command : env X509_USER_PROXY=/tmp/x509up_u57603 voms-proxy-info -fqan
 output : /cms/Role=NULL/Capability=NULL

 error: 
 retcode : 0
DEBUG 2018-09-21 22:21:33,341: 	 Registering user credentials for server /DC=ch/DC=cern/OU=computers/CN=vocms(052|031|0118|0105|0109).cern.ch|/DC=ch/DC=cern/OU=computers/CN=crab-(preprod|prod)-tw(02|01).cern.ch
DEBUG 2018-09-21 22:21:33,450: 	 Executing : 
 command : openssl x509 -in ~/.globus/usercert.pem -subject -noout
 output : subject= /DC=ch/DC=cern/OU=Organic Units/OU=Users/CN=soffi/CN=703603/CN=Livia Soffi

 error: 
 retcode : 0
DEBUG 2018-09-21 22:21:33,451: 	 Getting myproxy life time left for myproxy.cern.ch
DEBUG 2018-09-21 22:21:33,451: 	 Calculating hash of /DC=ch/DC=cern/OU=Organic Units/OU=Users/CN=soffi/CN=703603/CN=Livia Soffi_cmsweb.cern.ch for credential name
DEBUG 2018-09-21 22:21:33,655: 	 Executing : 
 command : myproxy-info -l c6b3f0d3fcbb5529eb4d33881671cb4250d8245e -s myproxy.cern.ch
 output : username: c6b3f0d3fcbb5529eb4d33881671cb4250d8245e
owner: /DC=ch/DC=cern/OU=Organic Units/OU=Users/CN=soffi/CN=703603/CN=Livia Soffi
  renewal policy: /DC=ch/DC=cern/OU=computers/CN=vocms(052|031|0118|0105|0109).cern.ch|/DC=ch/DC=cern/OU=computers/CN=crab-(preprod|prod)-tw(02|01).cern.ch
  trusted retrieval policy: /DC=ch/DC=cern/OU=computers/CN=vocms(052|031|0118|0105|0109).cern.ch|/DC=ch/DC=cern/OU=computers/CN=crab-(preprod|prod)-tw(02|01).cern.ch
  timeleft: 682:46:53  (28.4 days)

 error: 
 retcode : 0
DEBUG 2018-09-21 22:21:33,656: 	 Myproxy is valid: 2458013
DEBUG 2018-09-21 22:21:33,656: 	 Command use: submit
DEBUG 2018-09-21 22:21:33,656: 	 Options use: ['--config', <WMCore.Configuration.Configuration object at 0x7ff51ebefa10>]
DEBUG 2018-09-21 22:21:34,063: 	 CRABClient version: 3.3.1809
DEBUG 2018-09-21 22:21:34,063: 	 Instance is prod
DEBUG 2018-09-21 22:21:34,063: 	 Server base url is cmsweb.cern.ch
DEBUG 2018-09-21 22:21:34,063: 	 Command url /crabserver/prod/workflow
DEBUG 2018-09-21 22:21:34,063: 	 Started submission
DEBUG 2018-09-21 22:21:34,063: 	 Working on /afs/cern.ch/work/s/soffi/EGM-WORK/CMSSW-102502018DataTnP/src/EgammaAnalysis/TnPTreeProducer/scripts/crab/crab_2018Data_1/crab_Prompt2018_RunA_v2
DEBUG 2018-09-21 22:21:34,583: 	 Loading required information from the environment
DEBUG 2018-09-21 22:21:34,583: 	 Found CMSSW_10_2_5 for slc6_amd64_gcc700 with base /afs/cern.ch/work/s/soffi/EGM-WORK/CMSSW-102502018DataTnP
DEBUG 2018-09-21 22:21:34,583: 	 Loading required information from the environment
DEBUG 2018-09-21 22:21:34,583: 	 Found CMSSW_10_2_5 for slc6_amd64_gcc700 with base /afs/cern.ch/work/s/soffi/EGM-WORK/CMSSW-102502018DataTnP
DEBUG 2018-09-21 22:21:34,609: 	 UNIQUE NAME: tarUUID 1dadeecb-a0f8-4a04-8c55-8ee3dd573a7f 
DEBUG 2018-09-21 22:21:34,609: 	 self.config: from WMCore.Configuration import Configuration
config = Configuration()
config.section_('General')
config.General.workArea = 'crab_2018Data_1'
config.General.transferLogs = False
config.General.requestName = 'Prompt2018_RunA_v2'
config.section_('JobType')
config.JobType.psetName = '/afs/cern.ch/work/s/soffi/EGM-WORK/CMSSW-102502018DataTnP/src/EgammaAnalysis/TnPTreeProducer/python/TnPTreeProducer_cfg.py'
config.JobType.pluginName = 'Analysis'
config.JobType.sendExternalFolder = True
config.section_('Data')
config.Data.inputDataset = '/EGamma/Run2018A-PromptReco-v2/AOD'
config.Data.allowNonValidInputDataset = True
config.Data.inputDBS = 'global'
config.Data.publication = False
config.section_('Site')
config.Site.storageSite = 'T2_CH_CERN'
config.section_('User')
config.section_('Debug')

DEBUG 2018-09-21 22:21:34,609: 	 self.config.JobType.psetName: /afs/cern.ch/work/s/soffi/EGM-WORK/CMSSW-102502018DataTnP/src/EgammaAnalysis/TnPTreeProducer/python/TnPTreeProducer_cfg.py
INFO 2018-09-21 22:21:34,656: 	 Importing CMSSW configuration /afs/cern.ch/work/s/soffi/EGM-WORK/CMSSW-102502018DataTnP/src/EgammaAnalysis/TnPTreeProducer/python/TnPTreeProducer_cfg.py
INFO 2018-09-21 22:21:38,050: 	 Finished importing CMSSW configuration /afs/cern.ch/work/s/soffi/EGM-WORK/CMSSW-102502018DataTnP/src/EgammaAnalysis/TnPTreeProducer/python/TnPTreeProducer_cfg.py
DEBUG 2018-09-21 22:21:38,050: 	 Writing CMSSW configuration to /afs/cern.ch/work/s/soffi/EGM-WORK/CMSSW-102502018DataTnP/src/EgammaAnalysis/TnPTreeProducer/scripts/crab/crab_2018Data_1/crab_Prompt2018_RunA_v2/inputs/PSet.py
DEBUG 2018-09-21 22:21:38,277: 	 The following EDM output files will be collected: []
DEBUG 2018-09-21 22:21:38,277: 	 The following TFile output files will be collected: ['TnPTree_data.root']
DEBUG 2018-09-21 22:21:38,277: 	 The following user output files will be collected: []
DEBUG 2018-09-21 22:21:38,277: 	 Loading required information from the environment
DEBUG 2018-09-21 22:21:38,277: 	 Found CMSSW_10_2_5 for slc6_amd64_gcc700 with base /afs/cern.ch/work/s/soffi/EGM-WORK/CMSSW-102502018DataTnP
DEBUG 2018-09-21 22:21:38,277: 	 Making tarball in /afs/cern.ch/work/s/soffi/EGM-WORK/CMSSW-102502018DataTnP/src/EgammaAnalysis/TnPTreeProducer/scripts/crab/crab_2018Data_1/crab_Prompt2018_RunA_v2/inputs/1dadeecb-a0f8-4a04-8c55-8ee3dd573a7fdefault.tgz
DEBUG 2018-09-21 22:21:38,285: 	 Checking directory /afs/cern.ch/work/s/soffi/EGM-WORK/CMSSW-102502018DataTnP/lib
DEBUG 2018-09-21 22:21:38,285: 	 Adding directory /afs/cern.ch/work/s/soffi/EGM-WORK/CMSSW-102502018DataTnP/lib to tarball
DEBUG 2018-09-21 22:21:41,178: 	 Checking directory /afs/cern.ch/work/s/soffi/EGM-WORK/CMSSW-102502018DataTnP/biglib
DEBUG 2018-09-21 22:21:41,178: 	 Adding directory /afs/cern.ch/work/s/soffi/EGM-WORK/CMSSW-102502018DataTnP/biglib to tarball
DEBUG 2018-09-21 22:21:41,180: 	 Checking directory /afs/cern.ch/work/s/soffi/EGM-WORK/CMSSW-102502018DataTnP/module
DEBUG 2018-09-21 22:21:41,180: 	 Checking directory /afs/cern.ch/work/s/soffi/EGM-WORK/CMSSW-102502018DataTnP/external
DEBUG 2018-09-21 22:21:41,180: 	 Adding directory /afs/cern.ch/work/s/soffi/EGM-WORK/CMSSW-102502018DataTnP/external to tarball
DEBUG 2018-09-21 22:21:46,502: 	 Adding data directory /afs/cern.ch/work/s/soffi/EGM-WORK/CMSSW-102502018DataTnP/src/Configuration/PyReleaseValidation/data to tarball
DEBUG 2018-09-21 22:21:46,704: 	 Adding data directory /afs/cern.ch/work/s/soffi/EGM-WORK/CMSSW-102502018DataTnP/src/DQMOffline/L1Trigger/interface to tarball
DEBUG 2018-09-21 22:21:47,059: 	 Adding data directory /afs/cern.ch/work/s/soffi/EGM-WORK/CMSSW-102502018DataTnP/src/PhysicsTools/PatAlgos/interface to tarball
DEBUG 2018-09-21 22:21:47,818: 	 Adding data directory /afs/cern.ch/work/s/soffi/EGM-WORK/CMSSW-102502018DataTnP/src/PhysicsTools/NanoAOD/interface to tarball
DEBUG 2018-09-21 22:21:47,938: 	 Adding data directory /afs/cern.ch/work/s/soffi/EGM-WORK/CMSSW-102502018DataTnP/src/RecoEgamma/PhotonIdentification/data to tarball
DEBUG 2018-09-21 22:21:48,375: 	 Adding data directory /afs/cern.ch/work/s/soffi/EGM-WORK/CMSSW-102502018DataTnP/src/RecoEgamma/PhotonIdentification/interface to tarball
DEBUG 2018-09-21 22:21:49,262: 	 Uploading archive /afs/cern.ch/work/s/soffi/EGM-WORK/CMSSW-102502018DataTnP/src/EgammaAnalysis/TnPTreeProducer/scripts/crab/crab_2018Data_1/crab_Prompt2018_RunA_v2/inputs/1dadeecb-a0f8-4a04-8c55-8ee3dd573a7fdefault.tgz (9.753906.1 MB) to the CRAB cache. Using URI https://cmsweb.cern.ch/crabcache
DEBUG 2018-09-21 22:21:52,108: 	 Loading required information from the environment
DEBUG 2018-09-21 22:21:52,108: 	 Found CMSSW_10_2_5 for slc6_amd64_gcc700 with base /afs/cern.ch/work/s/soffi/EGM-WORK/CMSSW-102502018DataTnP
DEBUG 2018-09-21 22:21:52,108: 	 Making tarball in /afs/cern.ch/work/s/soffi/EGM-WORK/CMSSW-102502018DataTnP/src/EgammaAnalysis/TnPTreeProducer/scripts/crab/crab_2018Data_1/crab_Prompt2018_RunA_v2/inputs/debugFiles.tgz
DEBUG 2018-09-21 22:21:52,114: 	 Uploading archive /afs/cern.ch/work/s/soffi/EGM-WORK/CMSSW-102502018DataTnP/src/EgammaAnalysis/TnPTreeProducer/scripts/crab/crab_2018Data_1/crab_Prompt2018_RunA_v2/inputs/debugFiles.tgz (4 KB) to the CRAB cache. Using URI https://cmsweb.cern.ch/crabcache
DEBUG 2018-09-21 22:21:52,516: 	 Result uploading input files: ead8207074799340fbe48e81b727942010b5cd623bd50e47646f7fea2e83e39d.tar.gz 
INFO 2018-09-21 22:21:52,516: 	 Sending the request to the server
DEBUG 2018-09-21 22:21:52,516: 	 Submitting {'maxjobruntime': 1250, 'extrajdl': [], 'ignorelocality': 0, 'savelogsflag': 0, 'useparent': 0, 'asyncdest': 'T2_CH_CERN', 'algoargs': 480, 'cachefilename': 'ead8207074799340fbe48e81b727942010b5cd623bd50e47646f7fea2e83e39d.tar.gz', 'numcores': 1, 'addoutputfiles': [], 'generator': 'pythia', 'maxmemory': 2000, 'publishdbsurl': 'https://cmsweb.cern.ch/dbs/prod/phys03/DBSWriter', 'priority': 10, 'jobsw': 'CMSSW_10_2_5', 'edmoutfiles': [], 'userfiles': [], 'primarydataset': '', 'inputdata': '/EGamma/Run2018A-PromptReco-v2/AOD', 'dryrun': 0, 'workflow': 'crab_Prompt2018_RunA_v2', 'cacheurl': u'https://cmsweb.cern.ch/crabcache', 'nonprodsw': 0, 'tfileoutfiles': ['TnPTree_data.root'], 'oneEventMode': 0, 'debugfilename': '454817ac326c8499fadf54b64abfc9f5974d046ffb64a0cb45b7763ca8ffe62d.tar.gz', 'saveoutput': 1, 'publication': 0, 'jobarch': 'slc6_amd64_gcc700', 'totalunits': 0, 'splitalgo': 'Automatic', 'ignoreglobalblacklist': 0, 'nonvaliddata': 1, 'dbsurl': 'https://cmsweb.cern.ch/dbs/prod/global/DBSReader', 'publishgroupname': 0, 'jobtype': 'Analysis', 'publishname2': ''} 
DEBUG 2018-09-21 22:21:52,517: 	 Encoded submit request: maxjobruntime=1250&ignorelocality=0&savelogsflag=0&useparent=0&asyncdest=T2_CH_CERN&algoargs=480&cachefilename=ead8207074799340fbe48e81b727942010b5cd623bd50e47646f7fea2e83e39d.tar.gz&numcores=1&generator=pythia&maxmemory=2000&publishdbsurl=https%3A%2F%2Fcmsweb.cern.ch%2Fdbs%2Fprod%2Fphys03%2FDBSWriter&priority=10&jobsw=CMSSW_10_2_5&primarydataset=&inputdata=%2FEGamma%2FRun2018A-PromptReco-v2%2FAOD&dryrun=0&workflow=crab_Prompt2018_RunA_v2&cacheurl=https%3A%2F%2Fcmsweb.cern.ch%2Fcrabcache&nonprodsw=0&oneEventMode=0&debugfilename=454817ac326c8499fadf54b64abfc9f5974d046ffb64a0cb45b7763ca8ffe62d.tar.gz&saveoutput=1&publication=0&jobarch=slc6_amd64_gcc700&totalunits=0&splitalgo=Automatic&ignoreglobalblacklist=0&nonvaliddata=1&dbsurl=https%3A%2F%2Fcmsweb.cern.ch%2Fdbs%2Fprod%2Fglobal%2FDBSReader&publishgroupname=0&jobtype=Analysis&publishname2=&tfileoutfiles=TnPTree_data.root
DEBUG 2018-09-21 22:21:53,706: 	 Result: {u'result': [{u'RequestName': u'180921_202152:soffi_crab_Prompt2018_RunA_v2'}]}
INFO 2018-09-21 22:21:53,709: 	 Success: Your task has been delivered to the CRAB3 server.
INFO 2018-09-21 22:21:53,709: 	 Task name: 180921_202152:soffi_crab_Prompt2018_RunA_v2
INFO 2018-09-21 22:21:53,709: 	 Please use 'crab status' to check how the submission process proceeds.
DEBUG 2018-09-21 22:21:53,709: 	 About to return
DEBUG 2018-09-22 08:40:48,026: 	 Executing command: 'status'
DEBUG 2018-09-22 08:40:48,027: 	 Found CRAB cache file /afs/cern.ch/user/s/soffi/.crab3
DEBUG 2018-09-22 08:40:48,048: 	 Checking credentials
DEBUG 2018-09-22 08:40:48,049: 	 Found proxy file /tmp/x509up_u57603
DEBUG 2018-09-22 08:40:48,049: 	 Getting proxy life time left
DEBUG 2018-09-22 08:40:48,757: 	 Executing : 
 command : voms-proxy-info -file /tmp/x509up_u57603 -timeleft
 output : 43183

 error: 
 retcode : 0
DEBUG 2018-09-22 08:40:49,466: 	 Executing : 
 command : voms-proxy-info -file /tmp/x509up_u57603 -actimeleft
 output : 
 error: No VOMS attributes found!

 retcode : 1
DEBUG 2018-09-22 08:40:49,466: 	 Proxy valid for 00:00:00 hours
DEBUG 2018-09-22 08:40:49,466: 	 Creating new proxy for 24:00 hours with VO group '' and VO role 'NULL'.
DEBUG 2018-09-22 08:40:55,392: 	 Executing : 
 command : voms-proxy-init -voms cms:/cms -valid 24:00 -rfc
 output : None
 error: None
 retcode : 0
DEBUG 2018-09-22 08:40:56,099: 	 Executing : 
 command : voms-proxy-info -file /tmp/x509up_u57603 -timeleft
 output : 86398

 error: 
 retcode : 0
DEBUG 2018-09-22 08:40:56,809: 	 Executing : 
 command : voms-proxy-info -file /tmp/x509up_u57603 -actimeleft
 output : 86398

 error: 
 retcode : 0
DEBUG 2018-09-22 08:40:57,518: 	 Executing : 
 command : env X509_USER_PROXY=/tmp/x509up_u57603 voms-proxy-info -fqan
 output : /cms/Role=NULL/Capability=NULL

 error: 
 retcode : 0
DEBUG 2018-09-22 08:40:57,518: 	 Proxy created.
DEBUG 2018-09-22 08:40:57,634: 	 Executing : 
 command : openssl x509 -in ~/.globus/usercert.pem -subject -noout
 output : subject= /DC=ch/DC=cern/OU=Organic Units/OU=Users/CN=soffi/CN=703603/CN=Livia Soffi

 error: 
 retcode : 0
DEBUG 2018-09-22 08:40:57,635: 	 Checking credentials
DEBUG 2018-09-22 08:40:57,637: 	 Found proxy file /tmp/x509up_u57603
DEBUG 2018-09-22 08:40:57,637: 	 Getting proxy life time left
DEBUG 2018-09-22 08:40:58,342: 	 Executing : 
 command : voms-proxy-info -file /tmp/x509up_u57603 -timeleft
 output : 86396

 error: 
 retcode : 0
DEBUG 2018-09-22 08:40:59,049: 	 Executing : 
 command : voms-proxy-info -file /tmp/x509up_u57603 -actimeleft
 output : 86396

 error: 
 retcode : 0
DEBUG 2018-09-22 08:40:59,049: 	 Proxy valid for 23:59:56 hours
DEBUG 2018-09-22 08:40:59,410: 	 Registering user credentials for server /DC=ch/DC=cern/OU=computers/CN=vocms(052|031|0118|0105|0109).cern.ch|/DC=ch/DC=cern/OU=computers/CN=crab-(preprod|prod)-tw(02|01).cern.ch
DEBUG 2018-09-22 08:40:59,521: 	 Executing : 
 command : openssl x509 -in ~/.globus/usercert.pem -subject -noout
 output : subject= /DC=ch/DC=cern/OU=Organic Units/OU=Users/CN=soffi/CN=703603/CN=Livia Soffi

 error: 
 retcode : 0
DEBUG 2018-09-22 08:40:59,522: 	 Getting myproxy life time left for myproxy.cern.ch
DEBUG 2018-09-22 08:40:59,522: 	 Calculating hash of /DC=ch/DC=cern/OU=Organic Units/OU=Users/CN=soffi/CN=703603/CN=Livia Soffi_cmsweb.cern.ch for credential name
DEBUG 2018-09-22 08:40:59,726: 	 Executing : 
 command : myproxy-info -l c6b3f0d3fcbb5529eb4d33881671cb4250d8245e -s myproxy.cern.ch
 output : username: c6b3f0d3fcbb5529eb4d33881671cb4250d8245e
owner: /DC=ch/DC=cern/OU=Organic Units/OU=Users/CN=soffi/CN=703603/CN=Livia Soffi
  renewal policy: /DC=ch/DC=cern/OU=computers/CN=vocms(052|031|0118|0105|0109).cern.ch|/DC=ch/DC=cern/OU=computers/CN=crab-(preprod|prod)-tw(02|01).cern.ch
  trusted retrieval policy: /DC=ch/DC=cern/OU=computers/CN=vocms(052|031|0118|0105|0109).cern.ch|/DC=ch/DC=cern/OU=computers/CN=crab-(preprod|prod)-tw(02|01).cern.ch
  timeleft: 672:27:27  (28.0 days)

 error: 
 retcode : 0
DEBUG 2018-09-22 08:40:59,727: 	 Myproxy is valid: 2420847
DEBUG 2018-09-22 08:40:59,727: 	 Command use: status
DEBUG 2018-09-22 08:40:59,727: 	 Options use: ['--dir', 'crab_2018Data_1/crab_Prompt2018_RunA_v2/']
DEBUG 2018-09-22 08:41:00,118: 	 CRABClient version: 3.3.1809
DEBUG 2018-09-22 08:41:00,118: 	 Instance is prod
DEBUG 2018-09-22 08:41:00,118: 	 Server base url is cmsweb.cern.ch
DEBUG 2018-09-22 08:41:00,118: 	 Command url /crabserver/prod/workflow
DEBUG 2018-09-22 08:41:00,487: 	 Got information from server oracle database: {u'result': [u'180921_202152:soffi_crab_Prompt2018_RunA_v2', u'None', u'None', u'SUBMITTED', u'SUBMIT', u'2018-09-21 20:21:53.431923', u'None', u'2018-09-21 20:23:26.783159', u'None', u'CMSSW_10_2_5', u'slc6_amd64_gcc700', u'/EGamma/Run2018A-PromptReco-v2/AOD', u'T', u'0', u'[]', u'[]', u'Automatic', u"{'splitOnRun': False, 'minutes_per_job': 480, 'halt_job_on_file_boundaries': False, 'runs': [], 'lumis': []}", u'ead8207074799340fbe48e81b727942010b5cd623bd50e47646f7fea2e83e39d.tar.gz', u'https://cmsweb.cern.ch/crabcache', u'soffi', u'/DC=ch/DC=cern/OU=Organic Units/OU=Users/CN=soffi/CN=703603/CN=Livia Soffi', u'cms', u'None', u'None', u'crab_Prompt2018_RunA_v2-00000000000000000000000000000000', u'F', u'T2_CH_CERN', u'https://cmsweb.cern.ch/dbs/prod/global/DBSReader', u'https://cmsweb.cern.ch/dbs/prod/phys03/DBSWriter', u'F', u'[]', u"['TnPTree_data.root']", u'[]', u'Analysis', u'pythia', u'None', u'{}', u'[]', u'F', u'crab-prod-tw01', u'[]', u'1250', u'1', u'2000', u'10', u'None', u'[]', u'http://vocms0196.cern.ch/mon/cms033/180921_202152:soffi_crab_Prompt2018_RunA_v2', u'None', u'[]', u'[]', u'https://cmsweb.cern.ch/crabserver/prod', u'cmsgwms-collector-global.cern.ch:9620,cmssrv221.fnal.gov:9620', u'crab3@vocms0196.cern.ch', u'F', u'[]', u'T', u'/store/user/soffi/', u'F', u'None', u'F', u'None', u'EGamma', u'None', u'454817ac326c8499fadf54b64abfc9f5974d046ffb64a0cb45b7763ca8ffe62d.tar.gz', u'26644184', u'filetransfers', u'F', u'188.184.94.19', u'0.0', u'None'], u'desc': {u'columns': [u'tm_taskname', u'tm_activity', u'panda_jobset_id', u'tm_task_status', u'tm_task_command', u'tm_start_time', u'tm_start_injection', u'tm_end_injection', u'tm_task_failure', u'tm_job_sw', u'tm_job_arch', u'tm_input_dataset', u'tm_nonvalid_input_dataset', u'tm_use_parent', u'tm_site_whitelist', u'tm_site_blacklist', u'tm_split_algo', u'tm_split_args', u'tm_user_sandbox', u'tm_cache_url', u'tm_username', u'tm_user_dn', u'tm_user_vo', u'tm_user_role', u'tm_user_group', u'tm_publish_name', u'tm_publish_groupname', u'tm_asyncdest', u'tm_dbs_url', u'tm_publish_dbs_url', u'tm_publication', u'tm_outfiles', u'tm_tfile_outfiles', u'tm_edm_outfiles', u'tm_job_type', u'tm_generator', u'tm_events_per_lumi', u'tm_arguments', u'panda_resubmitted_jobs', u'tm_save_logs', u'tw_name', u'tm_user_infiles', u'tm_maxjobruntime', u'tm_numcores', u'tm_maxmemory', u'tm_priority', u'tm_output_dataset', u'tm_task_warnings', u'tm_user_webdir', u'tm_scriptexe', u'tm_scriptargs', u'tm_extrajdl', u'tm_asourl', u'tm_collector', u'tm_schedd', u'tm_dry_run', u'tm_user_files', u'tm_transfer_outputs', u'tm_output_lfn', u'tm_ignore_locality', u'tm_fail_limit', u'tm_one_event_mode', u'tm_secondary_input_dataset', u'tm_primary_dataset', u'tm_last_publication', u'tm_debug_files', u'clusterid', u'tm_asodb', u'tm_ignore_global_blacklist', u'tm_submitter_ip_addr', u'tm_totalunits', u'tm_ddm_reqid']}}
INFO 2018-09-22 08:41:00,487: 	 CRAB project directory:		/afs/cern.ch/work/s/soffi/EGM-WORK/CMSSW-102502018DataTnP/src/EgammaAnalysis/TnPTreeProducer/scripts/crab/crab_2018Data_1/crab_Prompt2018_RunA_v2
INFO 2018-09-22 08:41:00,488: 	 Task name:			180921_202152:soffi_crab_Prompt2018_RunA_v2
INFO 2018-09-22 08:41:00,488: 	 Grid scheduler - Task Worker:	crab3@vocms0196.cern.ch - crab-prod-tw01
INFO 2018-09-22 08:41:00,488: 	 Status on the CRAB server:	SUBMITTED
INFO 2018-09-22 08:41:00,488: 	 Task URL to use for HELP:	https://cmsweb.cern.ch/crabserver/ui/task/180921_202152%3Asoffi_crab_Prompt2018_RunA_v2
INFO 2018-09-22 08:41:00,488: 	 Dashboard monitoring URL:	http://dashb-cms-job.cern.ch/dashboard/templates/task-analysis/#user=soffi&refresh=0&table=Jobs&p=1&records=25&activemenu=2&status=&site=&tid=180921_202152%3Asoffi_crab_Prompt2018_RunA_v2
DEBUG 2018-09-22 08:41:00,488: 	 The CRAB server submitted your task to the Grid scheduler (cluster ID: 26644184)
DEBUG 2018-09-22 08:41:00,488: 	 Webdir is located at http://vocms0196.cern.ch/mon/cms033/180921_202152:soffi_crab_Prompt2018_RunA_v2
DEBUG 2018-09-22 08:41:00,860: 	 Proxied webdir is located at https://cmsweb.cern.ch/scheddmon/0196/cms033/180921_202152:soffi_crab_Prompt2018_RunA_v2
DEBUG 2018-09-22 08:41:00,861: 	 Retrieving 'status_cache' file from https://cmsweb.cern.ch/scheddmon/0196/cms033/180921_202152:soffi_crab_Prompt2018_RunA_v2/status_cache
DEBUG 2018-09-22 08:41:01,222: 	 Got information from status cache file: {'0-4': {'Retries': 2, 'WallDurations': [9.0, 916.0, 623.0, 317.0], 'StartTimes': [1537561493.0, 1537562570.0, 1537563509.0], 'SubmitTimes': [1537561417.0, 1537562479.0, 1537563323.0], 'JobIds': ['26644190.0', '26644777.0', '26645177.0'], 'EndTimes': [1537562409.0, 1537563193.0, 1537563826.0], 'Restarts': 0, 'RecordedSite': True, 'State': 'failed', 'ResidentSetSize': [944216, 188356, 318352], 'Error': [8028, "CmsRunFailure\nCMSSW error message follows.\nFatal Exception\nAn exception of category 'FallbackFileOpenError' occurred while\n   [0] Constructing the EventProcessor\n   [1] Constructing input source of type PoolSource\n   [2] Calling RootFileSequenceBase::initTheFile()\n   [3] Calling StorageFactory::open()\n   [4] Calling XrdFile::open()\nException Message:\nFailed to open the file 'root://cmsxrootd.fnal.gov//store/data/Run2018A/EGamma/AOD/PromptReco-v2/000/316/469/00000/DE37A72C-FD5B-E811-892D-FA163E35CD39.root'\n   Additional Info:\n      [a] open() failed with system error 'No such file or directory' (error code 2)\n      [b] Input file /mnt/hadoop/user/uscms01/pnfs/unl.edu/data4/cms/store/data/Run2018A/EGamma/AOD/PromptReco-v2/000/316/469/00000/DE37A72C-FD5B-E811-892D-FA163E35CD39.root could not be opened.\nFallback Input file root://cmsxrootd.fnal.gov//store/data/Run2018A/EGamma/AOD/PromptReco-v2/000/316/469/00000/DE37A72C-FD5B-E811-892D-FA163E35CD39.root also could not be opened.\nOriginal exception info is above; fallback exception info is below.\n      [c] XrdCl::File::Open(name='root://cmsxrootd.fnal.gov//store/data/Run2018A/EGamma/AOD/PromptReco-v2/000/316/469/00000/DE37A72C-FD5B-E811-892D-FA163E35CD39.root', flags=0x10, permissions=0660) => error '[ERROR] Server responded with an error: [3011] No servers are available to read the file.\n' (errno=3011, code=400). No additional data servers were found.\n      [d] Last URL tried: root://cms-xrd-global.cern.ch:1094//store/data/Run2018A/EGamma/AOD/PromptReco-v2/000/316/469/00000/DE37A72C-FD5B-E811-892D-FA163E35CD39.root?tried=+1213cmsxrootd2.fnal.gov1213xrootd.unl.edu,\n      [e] Problematic data server: cms-xrd-global.cern.ch:1094\n      [f] Disabled source: cms-xrd-global.cern.ch:1094\n      [g] Disabled source: transfer-2.ultralight.org:1094\n", {'type': 'Fatal Exception', 'details': "An exception of category 'FallbackFileOpenError' occurred while\n   [0] Constructing the EventProcessor\n   [1] Constructing input source of type PoolSource\n   [2] Calling RootFileSequenceBase::initTheFile()\n   [3] Calling StorageFactory::open()\n   [4] Calling XrdFile::open()\nException Message:\nFailed to open the file 'root://cmsxrootd.fnal.gov//store/data/Run2018A/EGamma/AOD/PromptReco-v2/000/316/469/00000/DE37A72C-FD5B-E811-892D-FA163E35CD39.root'\n   Additional Info:\n      [a] open() failed with system error 'No such file or directory' (error code 2)\n      [b] Input file /mnt/hadoop/user/uscms01/pnfs/unl.edu/data4/cms/store/data/Run2018A/EGamma/AOD/PromptReco-v2/000/316/469/00000/DE37A72C-FD5B-E811-892D-FA163E35CD39.root could not be opened.\nFallback Input file root://cmsxrootd.fnal.gov//store/data/Run2018A/EGamma/AOD/PromptReco-v2/000/316/469/00000/DE37A72C-FD5B-E811-892D-FA163E35CD39.root also could not be opened.\nOriginal exception info is above; fallback exception info is below.\n      [c] XrdCl::File::Open(name='root://cmsxrootd.fnal.gov//store/data/Run2018A/EGamma/AOD/PromptReco-v2/000/316/469/00000/DE37A72C-FD5B-E811-892D-FA163E35CD39.root', flags=0x10, permissions=0660) => error '[ERROR] Server responded with an error: [3011] No servers are available to read the file.\n' (errno=3011, code=400). No additional data servers were found.\n      [d] Last URL tried: root://cms-xrd-global.cern.ch:1094//store/data/Run2018A/EGamma/AOD/PromptReco-v2/000/316/469/00000/DE37A72C-FD5B-E811-892D-FA163E35CD39.root?tried=+1213cmsxrootd2.fnal.gov1213xrootd.unl.edu,\n      [e] Problematic data server: cms-xrd-global.cern.ch:1094\n      [f] Disabled source: cms-xrd-global.cern.ch:1094\n      [g] Disabled source: transfer-2.ultralight.org:1094", 'exitCode': '8028'}], 'TotalUserCpuTimeHistory': [392, 4, 3], 'SiteHistory': ['Unknown', 'T2_US_Nebraska', 'T2_US_Nebraska', 'T2_US_Nebraska'], 'TotalSysCpuTimeHistory': [17, 1, 0]}, '0-5': {'Retries': 2, 'WallDurations': [9.0, 1667.0, 9.0, 204.0, 63.0], 'StartTimes': [1537561493.0, 1537563506.0, 1537563866.0], 'SubmitTimes': [1537561417.0, 1537563232.0, 1537563837.0], 'JobIds': ['26644191.0', '26645096.0', '26645348.0'], 'TotalUserCpuTimeHistory': [352, 4, 6], 'EndTimes': [1537563160.0, 1537563710.0, 1537563929.0], 'Restarts': 0, 'RecordedSite': True, 'State': 'failed', 'ResidentSetSize': [894576, 28272, 16880], 'Error': [8028, "CmsRunFailure\nCMSSW error message follows.\nFatal Exception\nAn exception of category 'FallbackFileOpenError' occurred while\n   [0] Constructing the EventProcessor\n   [1] Constructing input source of type PoolSource\n   [2] Calling RootFileSequenceBase::initTheFile()\n   [3] Calling StorageFactory::open()\n   [4] Calling XrdFile::open()\nException Message:\nFailed to open the file 'root://cmsxrootd.fnal.gov//store/data/Run2018A/EGamma/AOD/PromptReco-v2/000/316/505/00000/F60F295D-735C-E811-90D0-FA163E548540.root'\n   Additional Info:\n      [a] open() failed with system error 'No such file or directory' (error code 2)\n      [b] Input file file:/mnt/hadoop/cms/store/data/Run2018A/EGamma/AOD/PromptReco-v2/000/316/505/00000/F60F295D-735C-E811-90D0-FA163E548540.root could not be opened.\nFallback Input file root://cmsxrootd.fnal.gov//store/data/Run2018A/EGamma/AOD/PromptReco-v2/000/316/505/00000/F60F295D-735C-E811-90D0-FA163E548540.root also could not be opened.\nOriginal exception info is above; fallback exception info is below.\n      [c] XrdCl::File::Open(name='root://cmsxrootd.fnal.gov//store/data/Run2018A/EGamma/AOD/PromptReco-v2/000/316/505/00000/F60F295D-735C-E811-90D0-FA163E548540.root', flags=0x10, permissions=0660) => error '[ERROR] Server responded with an error: [3011] No servers are available to read the file.\n' (errno=3011, code=400). No additional data servers were found.\n      [d] Last URL tried: root://cms-xrd-global.cern.ch:1094//store/data/Run2018A/EGamma/AOD/PromptReco-v2/000/316/505/00000/F60F295D-735C-E811-90D0-FA163E548540.root?tried=+1213cmsxrootd2.fnal.gov1213xrootd.unl.edu,\n      [e] Problematic data server: cms-xrd-global.cern.ch:1094\n      [f] Disabled source: cms-xrd-global.cern.ch:1094\n", {'type': 'Fatal Exception', 'details': "An exception of category 'FallbackFileOpenError' occurred while\n   [0] Constructing the EventProcessor\n   [1] Constructing input source of type PoolSource\n   [2] Calling RootFileSequenceBase::initTheFile()\n   [3] Calling StorageFactory::open()\n   [4] Calling XrdFile::open()\nException Message:\nFailed to open the file 'root://cmsxrootd.fnal.gov//store/data/Run2018A/EGamma/AOD/PromptReco-v2/000/316/505/00000/F60F295D-735C-E811-90D0-FA163E548540.root'\n   Additional Info:\n      [a] open() failed with system error 'No such file or directory' (error code 2)\n      [b] Input file file:/mnt/hadoop/cms/store/data/Run2018A/EGamma/AOD/PromptReco-v2/000/316/505/00000/F60F295D-735C-E811-90D0-FA163E548540.root could not be opened.\nFallback Input file root://cmsxrootd.fnal.gov//store/data/Run2018A/EGamma/AOD/PromptReco-v2/000/316/505/00000/F60F295D-735C-E811-90D0-FA163E548540.root also could not be opened.\nOriginal exception info is above; fallback exception info is below.\n      [c] XrdCl::File::Open(name='root://cmsxrootd.fnal.gov//store/data/Run2018A/EGamma/AOD/PromptReco-v2/000/316/505/00000/F60F295D-735C-E811-90D0-FA163E548540.root', flags=0x10, permissions=0660) => error '[ERROR] Server responded with an error: [3011] No servers are available to read the file.\n' (errno=3011, code=400). No additional data servers were found.\n      [d] Last URL tried: root://cms-xrd-global.cern.ch:1094//store/data/Run2018A/EGamma/AOD/PromptReco-v2/000/316/505/00000/F60F295D-735C-E811-90D0-FA163E548540.root?tried=+1213cmsxrootd2.fnal.gov1213xrootd.unl.edu,\n      [e] Problematic data server: cms-xrd-global.cern.ch:1094\n      [f] Disabled source: cms-xrd-global.cern.ch:1094", 'exitCode': '8028'}], 'SiteHistory': ['Unknown', 'T2_US_Caltech', 'Unknown', 'T2_US_Nebraska', 'T2_US_MIT'], 'TotalSysCpuTimeHistory': [10, 0, 1]}, '0-1': {'Retries': 2, 'WallDurations': [9.0, 946.0, 518.0, 8.0, 421.0], 'StartTimes': [1537561493.0, 1537562573.0, 1537563438.0], 'SubmitTimes': [1537561417.0, 1537562506.0, 1537563221.0], 'JobIds': ['26644192.0', '26644780.0', '26645094.0'], 'EndTimes': [1537562439.0, 1537563091.0, 1537563859.0], 'Restarts': 0, 'RecordedSite': True, 'State': 'failed', 'ResidentSetSize': [911648, 215268, 318268], 'TotalUserCpuTimeHistory': [274, 3, 6], 'SiteHistory': ['Unknown', 'T2_US_Nebraska', 'T2_US_Caltech', 'Unknown', 'T2_US_MIT'], 'TotalSysCpuTimeHistory': [13, 0, 1]}, '0-2': {'Retries': 2, 'WallDurations': [8.0, 739.0, 10.0, 400.0, 8.0, 735.0], 'StartTimes': [1537561493.0, 1537562425.0, 1537563036.0], 'SubmitTimes': [1537561417.0, 1537562298.0, 1537562952.0], 'JobIds': ['26644193.0', '26644692.0', '26644972.0'], 'EndTimes': [1537562232.0, 1537562825.0, 1537563771.0], 'Restarts': 0, 'RecordedSite': True, 'State': 'failed', 'ResidentSetSize': [914364, 315212, 319140], 'Error': [8028, "CmsRunFailure\nCMSSW error message follows.\nFatal Exception\nAn exception of category 'FallbackFileOpenError' occurred while\n   [0] Constructing the EventProcessor\n   [1] Constructing input source of type PoolSource\n   [2] Calling RootFileSequenceBase::initTheFile()\n   [3] Calling StorageFactory::open()\n   [4] Calling XrdFile::open()\nException Message:\nFailed to open the file 'root://cmsxrootd.fnal.gov//store/data/Run2018A/EGamma/AOD/PromptReco-v2/000/316/380/00000/06A709CF-DA5A-E811-BB26-FA163E0A40AE.root'\n   Additional Info:\n      [a] open() failed with system error 'No such file or directory' (error code 2)\n      [b] Input file /mnt/hadoop/store/data/Run2018A/EGamma/AOD/PromptReco-v2/000/316/380/00000/06A709CF-DA5A-E811-BB26-FA163E0A40AE.root could not be opened.\nFallback Input file root://cmsxrootd.fnal.gov//store/data/Run2018A/EGamma/AOD/PromptReco-v2/000/316/380/00000/06A709CF-DA5A-E811-BB26-FA163E0A40AE.root also could not be opened.\nOriginal exception info is above; fallback exception info is below.\n      [c] XrdCl::File::Open(name='root://cmsxrootd.fnal.gov//store/data/Run2018A/EGamma/AOD/PromptReco-v2/000/316/380/00000/06A709CF-DA5A-E811-BB26-FA163E0A40AE.root', flags=0x10, permissions=0660) => error '[ERROR] Operation expired' (errno=0, code=206). No additional data servers were found.\n      [d] Last URL tried: root://transfer-4.ultralight.org:1094//store/data/Run2018A/EGamma/AOD/PromptReco-v2/000/316/380/00000/06A709CF-DA5A-E811-BB26-FA163E0A40AE.root?tried=\n      [e] Problematic data server: transfer-4.ultralight.org:1094\n      [f] Disabled source: transfer-4.ultralight.org:1094\n      [g] Disabled source: transfer-2.ultralight.org:1094\n", {'type': 'Fatal Exception', 'details': "An exception of category 'FallbackFileOpenError' occurred while\n   [0] Constructing the EventProcessor\n   [1] Constructing input source of type PoolSource\n   [2] Calling RootFileSequenceBase::initTheFile()\n   [3] Calling StorageFactory::open()\n   [4] Calling XrdFile::open()\nException Message:\nFailed to open the file 'root://cmsxrootd.fnal.gov//store/data/Run2018A/EGamma/AOD/PromptReco-v2/000/316/380/00000/06A709CF-DA5A-E811-BB26-FA163E0A40AE.root'\n   Additional Info:\n      [a] open() failed with system error 'No such file or directory' (error code 2)\n      [b] Input file /mnt/hadoop/store/data/Run2018A/EGamma/AOD/PromptReco-v2/000/316/380/00000/06A709CF-DA5A-E811-BB26-FA163E0A40AE.root could not be opened.\nFallback Input file root://cmsxrootd.fnal.gov//store/data/Run2018A/EGamma/AOD/PromptReco-v2/000/316/380/00000/06A709CF-DA5A-E811-BB26-FA163E0A40AE.root also could not be opened.\nOriginal exception info is above; fallback exception info is below.\n      [c] XrdCl::File::Open(name='root://cmsxrootd.fnal.gov//store/data/Run2018A/EGamma/AOD/PromptReco-v2/000/316/380/00000/06A709CF-DA5A-E811-BB26-FA163E0A40AE.root', flags=0x10, permissions=0660) => error '[ERROR] Operation expired' (errno=0, code=206). No additional data servers were found.\n      [d] Last URL tried: root://transfer-4.ultralight.org:1094//store/data/Run2018A/EGamma/AOD/PromptReco-v2/000/316/380/00000/06A709CF-DA5A-E811-BB26-FA163E0A40AE.root?tried=\n      [e] Problematic data server: transfer-4.ultralight.org:1094\n      [f] Disabled source: transfer-4.ultralight.org:1094\n      [g] Disabled source: transfer-2.ultralight.org:1094", 'exitCode': '8028'}], 'TotalUserCpuTimeHistory': [344, 4, 3], 'SiteHistory': ['Unknown', 'T2_US_Caltech', 'Unknown', 'T2_US_Nebraska', 'Unknown', 'T2_US_Caltech'], 'TotalSysCpuTimeHistory': [6, 1, 0]}, '0-3': {'Retries': 2, 'WallDurations': [8.0, 1946.0, 10.0, 919.0, 9.0, 1510.0], 'StartTimes': [1537561484.0, 1537563578.0, 1537564783.0], 'SubmitTimes': [1537561417.0, 1537563499.0, 1537564626.0], 'JobIds': ['26644194.0', '26645252.0', '26646462.0'], 'TotalUserCpuTimeHistory': [1253, 9, 11], 'EndTimes': [1537563430.0, 1537564497.0, 1537566293.0], 'Restarts': 0, 'RecordedSite': True, 'State': 'failed', 'ResidentSetSize': [914788, 436008, 314452], 'Error': [8021, "CmsRunFailure\nCMSSW error message follows.\nFatal Exception\nAn exception of category 'FileReadError' occurred while\n   [0] Constructing the EventProcessor\n   [1] Constructing input source of type PoolSource\n   [2] Reading branch EventAuxiliary\n   Additional Info:\n      [a] Fatal Root Error: @SUB=TStorageFactoryFile::ReadBuffersSync\nStorage::readv returned different size result=28276 expected=209048\n", {'type': 'Fatal Exception', 'details': "An exception of category 'FileReadError' occurred while\n   [0] Constructing the EventProcessor\n   [1] Constructing input source of type PoolSource\n   [2] Reading branch EventAuxiliary\n   Additional Info:\n      [a] Fatal Root Error: @SUB=TStorageFactoryFile::ReadBuffersSync\nStorage::readv returned different size result=28276 expected=209048", 'exitCode': '8021'}], 'SiteHistory': ['Unknown', 'T2_US_MIT', 'Unknown', 'T2_US_Caltech', 'Unknown', 'T2_US_Caltech'], 'TotalSysCpuTimeHistory': [22, 2, 2]}}
INFO 2018-09-22 08:41:01,222: 	 Status on the scheduler:	FAILED
INFO 2018-09-22 08:41:01,222: 	 
No publication information (publication has been disabled in the CRAB configuration file)
INFO 2018-09-22 08:41:01,238: 	 Log file is /afs/cern.ch/work/s/soffi/EGM-WORK/CMSSW-102502018DataTnP/src/EgammaAnalysis/TnPTreeProducer/scripts/crab/crab_2018Data_1/crab_Prompt2018_RunA_v2/crab.log
